#-----------------------------------------------------------
# Vivado v2018.3 (64-bit)
# SW Build 2405991 on Thu Dec  6 23:38:27 MST 2018
# IP Build 2404404 on Fri Dec  7 01:43:56 MST 2018
# Start of session at: Fri Apr 29 10:02:47 2022
# Process ID: 8600
# Current directory: C:/Users/thant/Documents/mux2TO1
# Command line: vivado.exe -gui_launcher_event rodinguilauncherevent6464 C:\Users\thant\Documents\mux2TO1\mux2TO1.xpr
# Log file: C:/Users/thant/Documents/mux2TO1/vivado.log
# Journal file: C:/Users/thant/Documents/mux2TO1\vivado.jou
#-----------------------------------------------------------
start_gui
open_project C:/Users/thant/Documents/mux2TO1/mux2TO1.xpr
Scanning sources...
Finished scanning sources
INFO: [IP_Flow 19-234] Refreshing IP repositories
INFO: [IP_Flow 19-1704] No user IP repositories specified
INFO: [IP_Flow 19-2313] Loaded Vivado IP repository 'D:/PHAN_MEM/Xilinx/Vivado/2018.3/data/ip'.
open_project: Time (s): cpu = 00:00:43 ; elapsed = 00:00:28 . Memory (MB): peak = 839.031 ; gain = 0.000
update_compile_order -fileset sources_1
close_project
open_project C:/Users/thant/Documents/led7doan/led7doan.xpr
Scanning sources...
Finished scanning sources
INFO: [IP_Flow 19-234] Refreshing IP repositories
INFO: [IP_Flow 19-1704] No user IP repositories specified
INFO: [IP_Flow 19-2313] Loaded Vivado IP repository 'D:/PHAN_MEM/Xilinx/Vivado/2018.3/data/ip'.
open_project: Time (s): cpu = 00:00:15 ; elapsed = 00:00:09 . Memory (MB): peak = 839.031 ; gain = 0.000
update_compile_order -fileset sources_1
reset_run synth_1
exit
INFO: [Common 17-206] Exiting Vivado at Fri Apr 29 11:56:47 2022...
